#
# There is insufficient memory for the Java Runtime Environment to continue.
# Native memory allocation (malloc) failed to allocate 1643728 bytes for Chunk::new
# Possible reasons:
#   The system is out of physical RAM or swap space
#   In 32 bit mode, the process size limit was hit
# Possible solutions:
#   Reduce memory load on the system
#   Increase physical memory or swap space
#   Check if swap backing store is full
#   Use 64 bit Java on a 64 bit OS
#   Decrease Java heap size (-Xmx/-Xms)
#   Decrease number of Java threads
#   Decrease Java thread stack sizes (-Xss)
#   Set larger code cache with -XX:ReservedCodeCacheSize=
# This output file may be truncated or incomplete.
#
#  Out of Memory Error (allocation.cpp:390), pid=5720, tid=0x0000000000002f74
#
# JRE version: OpenJDK Runtime Environment (8.0_76-b03) (build 1.8.0_76-release-b03)
# Java VM: OpenJDK 64-Bit Server VM (25.76-b03 mixed mode windows-amd64 compressed oops)
# Failed to write core dump. Minidumps are not enabled by default on client versions of Windows
#

---------------  T H R E A D  ---------------

Current thread (0x0000000016943800):  JavaThread "C2 CompilerThread1" daemon [_thread_in_native, id=12148, stack(0x0000000016cf0000,0x0000000016df0000)]

Stack: [0x0000000016cf0000,0x0000000016df0000]
[error occurred during error reporting (printing stack bounds), id 0xc0000005]

Native frames: (J=compiled Java code, j=interpreted, Vv=VM code, C=native code)


Current CompileTask:
C2:   5360 1456   !   4       com.android.dx.cf.cst.ConstantPoolParser::parse0 (731 bytes)


---------------  P R O C E S S  ---------------

Java Threads: ( => current thread )
  0x0000000016b42000 JavaThread "pool-2-thread-4" [_thread_in_vm, id=11548, stack(0x00000000174f0000,0x00000000175f0000)]
  0x0000000016b41800 JavaThread "pool-2-thread-3" [_thread_blocked, id=7988, stack(0x00000000173f0000,0x00000000174f0000)]
  0x0000000016b40800 JavaThread "pool-2-thread-2" [_thread_in_Java, id=6032, stack(0x00000000172f0000,0x00000000173f0000)]
  0x0000000016b8d800 JavaThread "pool-3-thread-1" [_thread_blocked, id=4132, stack(0x00000000171f0000,0x00000000172f0000)]
  0x0000000016b66000 JavaThread "pool-2-thread-1" [_thread_in_Java, id=7564, stack(0x00000000170f0000,0x00000000171f0000)]
  0x000000001694d800 JavaThread "Service Thread" daemon [_thread_blocked, id=4756, stack(0x0000000016ef0000,0x0000000016ff0000)]
  0x0000000016946800 JavaThread "C1 CompilerThread2" daemon [_thread_blocked, id=9492, stack(0x0000000016df0000,0x0000000016ef0000)]
=>0x0000000016943800 JavaThread "C2 CompilerThread1" daemon [_thread_in_native, id=12148, stack(0x0000000016cf0000,0x0000000016df0000)]
  0x0000000002b2a000 JavaThread "C2 CompilerThread0" daemon [_thread_in_native, id=1580, stack(0x00000000167f0000,0x00000000168f0000)]
  0x000000001525d800 JavaThread "Attach Listener" daemon [_thread_blocked, id=10340, stack(0x00000000166f0000,0x00000000167f0000)]
  0x0000000015211000 JavaThread "Signal Dispatcher" daemon [_thread_blocked, id=11104, stack(0x00000000165f0000,0x00000000166f0000)]
  0x00000000151e8000 JavaThread "Finalizer" daemon [_thread_blocked, id=7320, stack(0x0000000016460000,0x0000000016560000)]
  0x0000000002b21000 JavaThread "Reference Handler" daemon [_thread_blocked, id=3120, stack(0x0000000016360000,0x0000000016460000)]
  0x000000000292e000 JavaThread "main" [_thread_blocked, id=12048, stack(0x00000000027f0000,0x00000000028f0000)]

Other Threads:
  0x00000000151c6800 VMThread [stack: 0x0000000016260000,0x0000000016360000] [id=4012]
  0x000000001694f000 WatcherThread [stack: 0x0000000016ff0000,0x00000000170f0000] [id=848]

VM state:not at safepoint (normal execution)

VM Mutex/Monitor currently owned by a thread: None

Heap:
 PSYoungGen      total 38400K, used 26282K [0x00000000eab00000, 0x00000000ef600000, 0x0000000100000000)
  eden space 33280K, 63% used [0x00000000eab00000,0x00000000ebfad8d8,0x00000000ecb80000)
  from space 5120K, 99% used [0x00000000ecb80000,0x00000000ed07d0c8,0x00000000ed080000)
  to   space 5120K, 0% used [0x00000000ef100000,0x00000000ef100000,0x00000000ef600000)
 ParOldGen       total 87552K, used 999K [0x00000000c0000000, 0x00000000c5580000, 0x00000000eab00000)
  object space 87552K, 1% used [0x00000000c0000000,0x00000000c00f9cb8,0x00000000c5580000)
 Metaspace       used 6180K, capacity 7088K, committed 7296K, reserved 1056768K
  class space    used 580K, capacity 616K, committed 640K, reserved 1048576K

Card table byte_map: [0x0000000011ef0000,0x0000000012100000] byte_map_base: 0x00000000118f0000

Marking Bits: (ParMarkBitMap*) 0x0000000077db9d00
 Begin Bits: [0x0000000012660000, 0x0000000013660000)
 End Bits:   [0x0000000013660000, 0x0000000014660000)

Polling page: 0x0000000000ea0000

CodeCache: size=245760Kb used=6359Kb max_used=6359Kb free=239401Kb
 bounds [0x0000000002b30000, 0x0000000003170000, 0x0000000011b30000]
 total_blobs=1770 nmethods=1498 adapters=184
 compilation: enabled

Compilation events (10 events):
Event: 5.343 Thread 0x0000000016946800 1502   !   3       com.android.dx.cf.code.ExecutionStack::merge (31 bytes)
Event: 5.344 Thread 0x0000000016946800 nmethod 1502 0x0000000003157550 code [0x0000000003157700, 0x0000000003157ba8]
Event: 5.344 Thread 0x0000000016946800 1503       3       com.android.dx.cf.code.Frame::mergeSubroutineLists (90 bytes)
Event: 5.344 Thread 0x0000000016946800 nmethod 1503 0x0000000003157d10 code [0x0000000003157ee0, 0x00000000031587c8]
Event: 5.345 Thread 0x0000000016946800 1504       3       com.android.dx.cf.code.Frame::adjustLocalsForSubroutines (28 bytes)
Event: 5.346 Thread 0x0000000016946800 nmethod 1504 0x0000000003158ad0 code [0x0000000003158c60, 0x0000000003159168]
Event: 5.347 Thread 0x0000000016946800 1505       3       com.android.dx.cf.iface.StdMethod::<init> (40 bytes)
Event: 5.348 Thread 0x0000000016946800 nmethod 1505 0x0000000003159290 code [0x0000000003159460, 0x0000000003159ec8]
Event: 5.351 Thread 0x0000000016946800 1506       3       com.android.dx.dex.cf.CfTranslator::translate0 (259 bytes)
Event: 5.354 Thread 0x0000000016946800 nmethod 1506 0x000000000315a350 code [0x000000000315a7c0, 0x000000000315d3f8]

GC Heap History (2 events):
Event: 3.535 GC heap before
{Heap before GC invocations=1 (full 0):
 PSYoungGen      total 38400K, used 33280K [0x00000000eab00000, 0x00000000ed580000, 0x0000000100000000)
  eden space 33280K, 100% used [0x00000000eab00000,0x00000000ecb80000,0x00000000ecb80000)
  from space 5120K, 0% used [0x00000000ed080000,0x00000000ed080000,0x00000000ed580000)
  to   space 5120K, 0% used [0x00000000ecb80000,0x00000000ecb80000,0x00000000ed080000)
 ParOldGen       total 87552K, used 0K [0x00000000c0000000, 0x00000000c5580000, 0x00000000eab00000)
  object space 87552K, 0% used [0x00000000c0000000,0x00000000c0000000,0x00000000c5580000)
 Metaspace       used 5959K, capacity 6896K, committed 7040K, reserved 1056768K
  class space    used 575K, capacity 616K, committed 640K, reserved 1048576K
Event: 3.594 GC heap after
Heap after GC invocations=1 (full 0):
 PSYoungGen      total 38400K, used 5108K [0x00000000eab00000, 0x00000000ef600000, 0x0000000100000000)
  eden space 33280K, 0% used [0x00000000eab00000,0x00000000eab00000,0x00000000ecb80000)
  from space 5120K, 99% used [0x00000000ecb80000,0x00000000ed07d0c8,0x00000000ed080000)
  to   space 5120K, 0% used [0x00000000ef100000,0x00000000ef100000,0x00000000ef600000)
 ParOldGen       total 87552K, used 999K [0x00000000c0000000, 0x00000000c5580000, 0x00000000eab00000)
  object space 87552K, 1% used [0x00000000c0000000,0x00000000c00f9cb8,0x00000000c5580000)
 Metaspace       used 5959K, capacity 6896K, committed 7040K, reserved 1056768K
  class space    used 575K, capacity 616K, committed 640K, reserved 1048576K
}

Deoptimization events (3 events):
Event: 1.950 Thread 0x000000000292e000 Uncommon trap: reason=unstable_if action=reinterpret pc=0x0000000002c6fd14 method=java.lang.String.compareTo(Ljava/lang/String;)I @ 38
Event: 2.182 Thread 0x000000000292e000 Uncommon trap: reason=unstable_if action=reinterpret pc=0x0000000002c701d8 method=java.lang.String.indexOf(II)I @ 49
Event: 3.358 Thread 0x0000000016b41800 Uncommon trap: reason=unstable_if action=reinterpret pc=0x0000000002f5579c method=com.android.dx.rop.cst.Constant.compareTo(Lcom/android/dx/rop/cst/Constant;)I @ 12

Internal exceptions (2 events):
Event: 0.867 Thread 0x000000000292e000 Exception <a 'java/lang/NoSuchMethodError': Method sun.misc.Unsafe.defineClass(Ljava/lang/String;[BII)Ljava/lang/Class; name or signature does not match> (0x00000000eab07cc0) thrown at [C:\src\android\AOSP-openjdk\external\jetbrains\jdk\hotspot\src\share\v§T€ÃÂë?
Event: 0.868 Thread 0x000000000292e000 Exception <a 'java/lang/NoSuchMethodError': Method sun.misc.Unsafe.prefetchRead(Ljava/lang/Object;J)V name or signature does not match> (0x00000000eab07fa8) thrown at [C:\src\android\AOSP-openjdk\external\jetbrains\jdk\hotspot\src\share\vm\prims\jni.cpp, l

Events (10 events):
Event: 4.540 loading class com/android/dx/dex/file/UniformListItem
Event: 4.540 loading class com/android/dx/dex/file/UniformListItem done
Event: 4.540 loading class com/android/dx/dex/file/AnnotationSetRefItem
Event: 4.540 loading class com/android/dx/dex/file/AnnotationSetRefItem done
Event: 4.543 loading class com/android/dx/cf/attrib/AttExceptions
Event: 4.543 loading class com/android/dx/cf/attrib/AttExceptions done
Event: 4.854 loading class com/android/dx/cf/attrib/AttRuntimeInvisibleAnnotations
Event: 4.854 loading class com/android/dx/cf/attrib/AttRuntimeInvisibleAnnotations done
Event: 4.855 loading class com/android/dx/cf/attrib/BaseAnnotations
Event: 4.855 loading class com/android/dx/cf/attrib/BaseAnnotations done


Dynamic libraries:
0x00007ff7a1780000 - 0x00007ff7a17b1000 	C:\Program Files\Android\Android Studio\jre\bin\java.exe
0x00007ffad22c0000 - 0x00007ffad2491000 	C:\WINDOWS\SYSTEM32\ntdll.dll
0x00007ffad1840000 - 0x00007ffad18ec000 	C:\WINDOWS\System32\KERNEL32.DLL
0x00007fface8b0000 - 0x00007ffaceacd000 	C:\WINDOWS\System32\KERNELBASE.dll
0x00007ffacfcf0000 - 0x00007ffacfd92000 	C:\WINDOWS\System32\ADVAPI32.dll
0x00007ffad1e40000 - 0x00007ffad1ede000 	C:\WINDOWS\System32\msvcrt.dll
0x00007ffad01b0000 - 0x00007ffad0209000 	C:\WINDOWS\System32\sechost.dll
0x00007ffad1fc0000 - 0x00007ffad20e1000 	C:\WINDOWS\System32\RPCRT4.dll
0x00007ffacfee0000 - 0x00007ffad0045000 	C:\WINDOWS\System32\USER32.dll
0x00007ffacf650000 - 0x00007ffacf66e000 	C:\WINDOWS\System32\win32u.dll
0x00007ffad20f0000 - 0x00007ffad2124000 	C:\WINDOWS\System32\GDI32.dll
0x00007ffacf6c0000 - 0x00007ffacf842000 	C:\WINDOWS\System32\gdi32full.dll
0x00007ffac1060000 - 0x00007ffac12da000 	C:\WINDOWS\WinSxS\amd64_microsoft.windows.common-controls_6595b64144ccf1df_6.0.14393.953_none_42151e83c686086b\COMCTL32.dll
0x00007ffacf880000 - 0x00007ffacfb48000 	C:\WINDOWS\System32\combase.dll
0x00007ffacf4a0000 - 0x00007ffacf595000 	C:\WINDOWS\System32\ucrtbase.dll
0x00007ffacead0000 - 0x00007ffaceb3a000 	C:\WINDOWS\System32\bcryptPrimitives.dll
0x00007ffad2190000 - 0x00007ffad21be000 	C:\WINDOWS\System32\IMM32.DLL
0x0000000050170000 - 0x0000000050242000 	C:\Program Files\Android\Android Studio\jre\jre\bin\msvcr100.dll
0x0000000077600000 - 0x0000000077e34000 	C:\Program Files\Android\Android Studio\jre\jre\bin\server\jvm.dll
0x00007ffad1e30000 - 0x00007ffad1e38000 	C:\WINDOWS\System32\PSAPI.DLL
0x00007ffabe050000 - 0x00007ffabe059000 	C:\WINDOWS\SYSTEM32\WSOCK32.dll
0x00007ffad1f50000 - 0x00007ffad1fba000 	C:\WINDOWS\System32\WS2_32.dll
0x00007ffacc850000 - 0x00007ffacc873000 	C:\WINDOWS\SYSTEM32\WINMM.dll
0x00007ffac4970000 - 0x00007ffac497a000 	C:\WINDOWS\SYSTEM32\VERSION.dll
0x00007ffacc6c0000 - 0x00007ffacc6eb000 	C:\WINDOWS\SYSTEM32\WINMMBASE.dll
0x00007ffacf670000 - 0x00007ffacf6b2000 	C:\WINDOWS\System32\cfgmgr32.dll
0x00007ffac7ef0000 - 0x00007ffac7eff000 	C:\Program Files\Android\Android Studio\jre\jre\bin\verify.dll
0x00007ffac2930000 - 0x00007ffac2959000 	C:\Program Files\Android\Android Studio\jre\jre\bin\java.dll
0x00007ffac7e20000 - 0x00007ffac7e36000 	C:\Program Files\Android\Android Studio\jre\jre\bin\zip.dll
0x00007ffad0270000 - 0x00007ffad1778000 	C:\WINDOWS\System32\SHELL32.dll
0x00007ffaced10000 - 0x00007ffacf3ea000 	C:\WINDOWS\System32\windows.storage.dll
0x00007fface740000 - 0x00007fface78c000 	C:\WINDOWS\System32\powrprof.dll
0x00007ffad2260000 - 0x00007ffad22b2000 	C:\WINDOWS\System32\shlwapi.dll
0x00007fface7a0000 - 0x00007fface7af000 	C:\WINDOWS\System32\kernel.appcore.dll
0x00007ffacf5a0000 - 0x00007ffacf649000 	C:\WINDOWS\System32\shcore.dll
0x00007fface720000 - 0x00007fface734000 	C:\WINDOWS\System32\profapi.dll

VM Arguments:
jvm_args: -Djava.awt.headless=true -Xmx1024M -Dfile.encoding=x-windows-949 -Duser.country=KR -Duser.language=ko -Duser.variant 
java_command: com.android.dx.command.Main --dex --force-jumbo --num-threads=4 --multi-dex --output C:\Users\HyunMin\Desktop\capstone\version\dp\app\build\intermediates\transforms\dex\debug\folders\1000\10\internal_impl-23.2.0_6b921f45aad8ad02b716aaeb2b79e11d7a4e39be C:\Users\HyunMin\Desktop\capstone\version\dp\app\build\intermediates\exploded-aar\com.android.support\support-v4\23.2.0\jars\libs\internal_impl-23.2.0.jar
java_class_path (initial): C:\Users\HyunMin\AppData\Local\Android\sdk\build-tools\23.0.2\lib\dx.jar
Launcher Type: SUN_STANDARD

Environment Variables:
JAVA_HOME=C:\Program Files\Java\jdk1.8.0_121
PATH=C:\ProgramData\Oracle\Java\javapath;C:\Program Files (x86)\Intel\iCLS Client\;C:\Program Files\Intel\iCLS Client\;C:\WINDOWS\system32;C:\WINDOWS;C:\WINDOWS\System32\Wbem;C:\WINDOWS\System32\WindowsPowerShell\v1.0\;C:\Program Files (x86)\Intel\Intel(R) Management Engine Components\DAL;C:\Program Files\Intel\Intel(R) Management Engine Components\DAL;C:\Program Files (x86)\Intel\Intel(R) Management Engine Components\IPT;C:\Program Files\Intel\Intel(R) Management Engine Components\IPT;C:\Program Files\Intel\WiFi\bin\;C:\Program Files\Common Files\Intel\WirelessCommon\;C:\Program Files (x86)\Windows Kits\8.1\Windows Performance Toolkit\;C:\Program Files\Microsoft SQL Server\110\Tools\Binn\;C:\HashiCorp\Vagrant\bin;C:\Program Files\MySQL\MySQL Utilities 1.6\;C:\Program Files\Git\cmd;C:\cygwin64\bin;C:\android-ndk-r13b;C:\apache-ant-1.10.0\bin;C:\Program Files\Java\jdk1.8.0_121\bin;C:\Python27;C:\Program Files (x86)\GtkSharp\2.12\bin;C:\Program Files\Intel\WiFi\bin\;C:\Program Files\Common Files\Intel\WirelessCommon\;C:\Program Files\Bandizip\7z;C:\Users\HyunMin\AppData\Local\Microsoft\WindowsApps;C:\Program Files (x86)\ESTsoft\ALSee\x64
USERNAME=HyunMin
OS=Windows_NT
PROCESSOR_IDENTIFIER=Intel64 Family 6 Model 78 Stepping 3, GenuineIntel



---------------  S Y S T E M  ---------------

OS: Windows 10.0 , 64 bit Build 14393 (10.0.14393.1198)

CPU:total 4 (2 cores per cpu, 2 threads per core) family 6 model 78 stepping 3, cmov, cx8, fxsr, mmx, sse, sse2, sse3, ssse3, sse4.1, sse4.2, popcnt, avx, avx2, aes, clmul, erms, 3dnowpref, lzcnt, ht, tsc, tscinvbit, bmi1, bmi2, adx

Memory: 4k page, physical 8302828k(1851376k free), swap 10399980k(5720k free)

vm_info: OpenJDK 64-Bit Server VM (25.76-b03) for windows-amd64 JRE (1.8.0_76-release-b03), built on Jun 29 2016 19:09:20 by "ralucas" with MS VC++ 10.0 (VS2010)

time: Thu May 18 18:37:32 2017
elapsed time: 5 seconds (0d 0h 0m 5s)

